

Started GET "/" for ::1 at 2016-10-11 14:51:06 -0700
Processing by Rails::WelcomeController#index as HTML
  Rendered /Users/mingjianzhang/.rvm/gems/ruby-2.3.1/gems/railties-4.2.0/lib/rails/templates/rails/welcome/index.html.erb (2.7ms)
Completed 200 OK in 207ms (Views: 110.5ms | ActiveRecord: 0.0ms)


Started GET "/" for ::1 at 2016-10-11 14:51:41 -0700
Processing by MainController#index as HTML
  Rendered main/index.html.erb within layouts/application (0.7ms)
Completed 200 OK in 8561ms (Views: 8195.7ms | ActiveRecord: 0.0ms)


Started GET "/assets/application.self-5304d7183153f8ee0e681e752242f3ac2170a80b85b0b4546a1c370849da2cad.css?body=1" for ::1 at 2016-10-11 14:51:49 -0700


Started GET "/assets/jquery_ujs.self-784a997f6726036b1993eb2217c9cb558e1cbb801c6da88105588c56f13b466a.js?body=1" for ::1 at 2016-10-11 14:51:49 -0700


Started GET "/assets/jquery.self-bd7ddd393353a8d2480a622e80342adf488fb6006d667e8b42e4c0073393abee.js?body=1" for ::1 at 2016-10-11 14:51:50 -0700


Started GET "/assets/turbolinks.self-c5acd7a204f5f25ce7a1d8a0e4d92e28d34c9e2df2c7371cd7af88e147e4ad82.js?body=1" for ::1 at 2016-10-11 14:51:50 -0700


Started GET "/assets/materialize/jquery.easing.1.3.self-0170bc905fbddc075a56bdccce1be6a58f3713a14137b607ba9bd9f96fd7835f.js?body=1" for ::1 at 2016-10-11 14:51:50 -0700


Started GET "/assets/materialize/initial.self-79f269ead2aeaa809299033919f9128fa0d9700d0248cad0dcd6442ce43dc389.js?body=1" for ::1 at 2016-10-11 14:51:50 -0700


Started GET "/assets/materialize/animation.self-a1028b0bcf2e26331bedf7b90e81103f0707e69fdec488aa951de94b51987767.js?body=1" for ::1 at 2016-10-11 14:51:50 -0700


Started GET "/assets/materialize/velocity.min.self-5adbb81af5c205a959e06198156b4b31fcd57f02c592e3fb096d7b74e8f401a6.js?body=1" for ::1 at 2016-10-11 14:51:50 -0700


Started GET "/assets/materialize/hammer.min.self-bf8bdb0953b1a135f96716e362e1f7a8e64168c914fa77ca31973bb70e57a731.js?body=1" for ::1 at 2016-10-11 14:51:50 -0700


Started GET "/assets/materialize/global.self-90649deff3358499c5859330da1363eea3e2bef75c80df5940f3894778f95027.js?body=1" for ::1 at 2016-10-11 14:51:50 -0700


Started GET "/assets/materialize/jquery.hammer.self-73fd69102f356b9abfc9ee242b19895f62454f42cfcfa1f066be71d2c8f41c7a.js?body=1" for ::1 at 2016-10-11 14:51:50 -0700


Started GET "/assets/materialize/leanModal.self-075befa387f6509a7504fc07beafcc796c44969652edcb2d71eedffd8e2ace01.js?body=1" for ::1 at 2016-10-11 14:51:50 -0700


Started GET "/assets/materialize/collapsible.self-4c13fea644257c8f9384721f7d3bc27bced51754ddf3602b56093e2450a5d9c2.js?body=1" for ::1 at 2016-10-11 14:51:50 -0700


Started GET "/assets/materialize/parallax.self-7ac34f0f3dcef83deee116ea473a2770cec13e07c8e0dcce08cc2372bbe295d3.js?body=1" for ::1 at 2016-10-11 14:51:50 -0700


Started GET "/assets/materialize/materialbox.self-8572736f9d17261189da8a9fc91555d63b29498f4f8665328e28261c7c4cdb68.js?body=1" for ::1 at 2016-10-11 14:51:50 -0700


Started GET "/assets/materialize/tabs.self-7f70bb766a49a1ad704b8f5988610277c8ec224c4d122cbea69e9309e6796d48.js?body=1" for ::1 at 2016-10-11 14:51:50 -0700


Started GET "/assets/materialize/dropdown.self-9cc5a781f54a4e273cde4a9d213ac101bf5875aaf02ee6e4abf1e43be84e747d.js?body=1" for ::1 at 2016-10-11 14:51:50 -0700


Started GET "/assets/main.self-877aef30ae1b040ab8a3aba4e3e309a11d7f2612f44dde450b5c157aa5f95c05.js?body=1" for ::1 at 2016-10-11 14:51:50 -0700


Started GET "/assets/materialize/tooltip.self-7de1b1d9042095a500be33ae68b9c7541dee8adf8ffa47bff413b87ab330fe63.js?body=1" for ::1 at 2016-10-11 14:51:50 -0700


Started GET "/assets/materialize/waves.self-26e9b9cfaa9ccbc292ed510f654bd279d69695f5337a14c9800b36e92f96735b.js?body=1" for ::1 at 2016-10-11 14:51:50 -0700


Started GET "/assets/materialize/forms.self-d9743bd4515fb298375d55740daf85a261d1aa2e15a741cd1f609a38d833fc71.js?body=1" for ::1 at 2016-10-11 14:51:50 -0700


Started GET "/assets/materialize/sideNav.self-de5e615b7a32eb9e55ffc9573e4186ef01339badef5ecb1f3f6d591686f49ac8.js?body=1" for ::1 at 2016-10-11 14:51:50 -0700


Started GET "/assets/materialize/scrollspy.self-5da2f9f196dc8f650ace037d487312180c62dc268dd19f45728c116284134207.js?body=1" for ::1 at 2016-10-11 14:51:50 -0700


Started GET "/assets/materialize/slider.self-b650f99d1b28549db2e7d5b078540fa65aabbb2548e0a378a85cc6b4285fe438.js?body=1" for ::1 at 2016-10-11 14:51:50 -0700


Started GET "/assets/materialize/chips.self-f132c07f55be9466a02329f8686ccaa06c011000aa9c975279debc158feed7a8.js?body=1" for ::1 at 2016-10-11 14:51:50 -0700


Started GET "/assets/materialize/cards.self-896c5463a922395c54787a06d69191fbbbbb8bff604b577f505b2da80d9e5e1a.js?body=1" for ::1 at 2016-10-11 14:51:50 -0700


Started GET "/assets/materialize/pushpin.self-b6217071e4b33cf2ce5742d81537d6f36b046c5f8fd115a01e4239cff1acd598.js?body=1" for ::1 at 2016-10-11 14:51:50 -0700


Started GET "/assets/materialize/toasts.self-1eaa9f33c4c3b83f381997876ba6ac53899a5ca72a6b401708c32625fc553adc.js?body=1" for ::1 at 2016-10-11 14:51:50 -0700


Started GET "/assets/materialize/buttons.self-fc0951c300b1984a00694eabc8c451531be448d646ac073b05e4d2fbf7209302.js?body=1" for ::1 at 2016-10-11 14:51:50 -0700


Started GET "/assets/materialize/transitions.self-fd67a28daa2e92c441a55cdda3d20b34a7e5c5fbb9c6d62ca2aeba52b3ed93a3.js?body=1" for ::1 at 2016-10-11 14:51:50 -0700


Started GET "/assets/materialize/scrollFire.self-51d8aca762cd14871dbf39aad2bc0213e799f1aa314e75c267fdfd92cfd87e0e.js?body=1" for ::1 at 2016-10-11 14:51:50 -0700


Started GET "/assets/materialize/date_picker/picker.self-7a9d1216fe1172f8e8fd78fb86cfd4da25c909ebd6983cba5da20817d437d92b.js?body=1" for ::1 at 2016-10-11 14:51:50 -0700


Started GET "/assets/materialize/date_picker/picker.date.self-5924b278beda2df8570f137f72b37e2d0f516acbc11a0994d1abb74380f078ef.js?body=1" for ::1 at 2016-10-11 14:51:50 -0700


Started GET "/assets/materialize/character_counter.self-8bb854e15067a96db5bff6896d1d9435e4df83cf5bf6877a1d606940661d2588.js?body=1" for ::1 at 2016-10-11 14:51:50 -0700


Started GET "/assets/materialize/carousel.self-5f77aa051ee2f35168c30e604c294173a3d9c9f19ac5b6dc0a3c9cf0ea39c697.js?body=1" for ::1 at 2016-10-11 14:51:50 -0700


Started GET "/assets/materialize-sprockets.self-1374c0ecff9f5520ea4a144c5754ae434cfea5ca52ec9af6e9916f20bd9275ed.js?body=1" for ::1 at 2016-10-11 14:51:50 -0700


Started GET "/assets/application.self-08e22355a8c9c7bb2b61907f48ac8ed25a2ce48201819e73cf15893b4373906e.js?body=1" for ::1 at 2016-10-11 14:51:50 -0700


Started GET "/assets/roboto/Roboto-Regular-b5c9c23bd12593523a46d79dd0aee80e3226bbde4c9ac05fc30a95e2c1510de0.woff2" for ::1 at 2016-10-11 14:51:50 -0700


Started GET "/" for ::1 at 2016-10-11 14:55:55 -0700
Processing by MainController#index as HTML
  Rendered main/index.html.erb within layouts/application (3.5ms)
Completed 200 OK in 567ms (Views: 389.7ms | ActiveRecord: 0.0ms)


Started GET "/" for ::1 at 2016-10-11 14:56:11 -0700
Processing by MainController#index as HTML
  Rendered main/index.html.erb within layouts/application (7.6ms)
Completed 200 OK in 312ms (Views: 210.7ms | ActiveRecord: 0.0ms)


Started GET "/assets/application.self-5304d7183153f8ee0e681e752242f3ac2170a80b85b0b4546a1c370849da2cad.css?body=1" for ::1 at 2016-10-11 14:56:11 -0700


Started GET "/assets/jquery.self-bd7ddd393353a8d2480a622e80342adf488fb6006d667e8b42e4c0073393abee.js?body=1" for ::1 at 2016-10-11 14:56:11 -0700


Started GET "/assets/jquery_ujs.self-784a997f6726036b1993eb2217c9cb558e1cbb801c6da88105588c56f13b466a.js?body=1" for ::1 at 2016-10-11 14:56:11 -0700


Started GET "/assets/main.self-877aef30ae1b040ab8a3aba4e3e309a11d7f2612f44dde450b5c157aa5f95c05.js?body=1" for ::1 at 2016-10-11 14:56:11 -0700


Started GET "/assets/materialize/initial.self-79f269ead2aeaa809299033919f9128fa0d9700d0248cad0dcd6442ce43dc389.js?body=1" for ::1 at 2016-10-11 14:56:11 -0700


Started GET "/assets/materialize/jquery.easing.1.3.self-0170bc905fbddc075a56bdccce1be6a58f3713a14137b607ba9bd9f96fd7835f.js?body=1" for ::1 at 2016-10-11 14:56:11 -0700


Started GET "/assets/materialize/animation.self-a1028b0bcf2e26331bedf7b90e81103f0707e69fdec488aa951de94b51987767.js?body=1" for ::1 at 2016-10-11 14:56:11 -0700


Started GET "/assets/materialize/velocity.min.self-5adbb81af5c205a959e06198156b4b31fcd57f02c592e3fb096d7b74e8f401a6.js?body=1" for ::1 at 2016-10-11 14:56:11 -0700


Started GET "/assets/materialize/jquery.hammer.self-73fd69102f356b9abfc9ee242b19895f62454f42cfcfa1f066be71d2c8f41c7a.js?body=1" for ::1 at 2016-10-11 14:56:11 -0700


Started GET "/assets/materialize/hammer.min.self-bf8bdb0953b1a135f96716e362e1f7a8e64168c914fa77ca31973bb70e57a731.js?body=1" for ::1 at 2016-10-11 14:56:11 -0700


Started GET "/assets/materialize/global.self-90649deff3358499c5859330da1363eea3e2bef75c80df5940f3894778f95027.js?body=1" for ::1 at 2016-10-11 14:56:11 -0700


Started GET "/assets/materialize/collapsible.self-4c13fea644257c8f9384721f7d3bc27bced51754ddf3602b56093e2450a5d9c2.js?body=1" for ::1 at 2016-10-11 14:56:11 -0700


Started GET "/assets/materialize/leanModal.self-075befa387f6509a7504fc07beafcc796c44969652edcb2d71eedffd8e2ace01.js?body=1" for ::1 at 2016-10-11 14:56:11 -0700


Started GET "/assets/materialize/dropdown.self-9cc5a781f54a4e273cde4a9d213ac101bf5875aaf02ee6e4abf1e43be84e747d.js?body=1" for ::1 at 2016-10-11 14:56:11 -0700


Started GET "/assets/materialize/parallax.self-7ac34f0f3dcef83deee116ea473a2770cec13e07c8e0dcce08cc2372bbe295d3.js?body=1" for ::1 at 2016-10-11 14:56:11 -0700


Started GET "/assets/materialize/materialbox.self-8572736f9d17261189da8a9fc91555d63b29498f4f8665328e28261c7c4cdb68.js?body=1" for ::1 at 2016-10-11 14:56:11 -0700


Started GET "/assets/materialize/tabs.self-7f70bb766a49a1ad704b8f5988610277c8ec224c4d122cbea69e9309e6796d48.js?body=1" for ::1 at 2016-10-11 14:56:11 -0700


Started GET "/assets/materialize/tooltip.self-7de1b1d9042095a500be33ae68b9c7541dee8adf8ffa47bff413b87ab330fe63.js?body=1" for ::1 at 2016-10-11 14:56:11 -0700


Started GET "/assets/materialize/waves.self-26e9b9cfaa9ccbc292ed510f654bd279d69695f5337a14c9800b36e92f96735b.js?body=1" for ::1 at 2016-10-11 14:56:11 -0700


Started GET "/assets/materialize/toasts.self-1eaa9f33c4c3b83f381997876ba6ac53899a5ca72a6b401708c32625fc553adc.js?body=1" for ::1 at 2016-10-11 14:56:11 -0700


Started GET "/assets/materialize/sideNav.self-de5e615b7a32eb9e55ffc9573e4186ef01339badef5ecb1f3f6d591686f49ac8.js?body=1" for ::1 at 2016-10-11 14:56:11 -0700


Started GET "/assets/materialize/scrollspy.self-5da2f9f196dc8f650ace037d487312180c62dc268dd19f45728c116284134207.js?body=1" for ::1 at 2016-10-11 14:56:11 -0700


Started GET "/assets/materialize/forms.self-d9743bd4515fb298375d55740daf85a261d1aa2e15a741cd1f609a38d833fc71.js?body=1" for ::1 at 2016-10-11 14:56:11 -0700


Started GET "/assets/materialize/slider.self-b650f99d1b28549db2e7d5b078540fa65aabbb2548e0a378a85cc6b4285fe438.js?body=1" for ::1 at 2016-10-11 14:56:11 -0700


Started GET "/assets/materialize/cards.self-896c5463a922395c54787a06d69191fbbbbb8bff604b577f505b2da80d9e5e1a.js?body=1" for ::1 at 2016-10-11 14:56:11 -0700


Started GET "/assets/materialize/pushpin.self-b6217071e4b33cf2ce5742d81537d6f36b046c5f8fd115a01e4239cff1acd598.js?body=1" for ::1 at 2016-10-11 14:56:11 -0700


Started GET "/assets/materialize/buttons.self-fc0951c300b1984a00694eabc8c451531be448d646ac073b05e4d2fbf7209302.js?body=1" for ::1 at 2016-10-11 14:56:11 -0700


Started GET "/assets/materialize/chips.self-f132c07f55be9466a02329f8686ccaa06c011000aa9c975279debc158feed7a8.js?body=1" for ::1 at 2016-10-11 14:56:11 -0700


Started GET "/assets/materialize/transitions.self-fd67a28daa2e92c441a55cdda3d20b34a7e5c5fbb9c6d62ca2aeba52b3ed93a3.js?body=1" for ::1 at 2016-10-11 14:56:11 -0700


Started GET "/assets/materialize/scrollFire.self-51d8aca762cd14871dbf39aad2bc0213e799f1aa314e75c267fdfd92cfd87e0e.js?body=1" for ::1 at 2016-10-11 14:56:11 -0700


Started GET "/assets/materialize/date_picker/picker.self-7a9d1216fe1172f8e8fd78fb86cfd4da25c909ebd6983cba5da20817d437d92b.js?body=1" for ::1 at 2016-10-11 14:56:11 -0700


Started GET "/assets/materialize/date_picker/picker.date.self-5924b278beda2df8570f137f72b37e2d0f516acbc11a0994d1abb74380f078ef.js?body=1" for ::1 at 2016-10-11 14:56:11 -0700


Started GET "/assets/materialize/character_counter.self-8bb854e15067a96db5bff6896d1d9435e4df83cf5bf6877a1d606940661d2588.js?body=1" for ::1 at 2016-10-11 14:56:11 -0700


Started GET "/assets/materialize/carousel.self-5f77aa051ee2f35168c30e604c294173a3d9c9f19ac5b6dc0a3c9cf0ea39c697.js?body=1" for ::1 at 2016-10-11 14:56:11 -0700


Started GET "/assets/materialize-sprockets.self-1374c0ecff9f5520ea4a144c5754ae434cfea5ca52ec9af6e9916f20bd9275ed.js?body=1" for ::1 at 2016-10-11 14:56:11 -0700


Started GET "/assets/application.self-08e22355a8c9c7bb2b61907f48ac8ed25a2ce48201819e73cf15893b4373906e.js?body=1" for ::1 at 2016-10-11 14:56:12 -0700


Started GET "/assets/roboto/Roboto-Regular-b5c9c23bd12593523a46d79dd0aee80e3226bbde4c9ac05fc30a95e2c1510de0.woff2" for ::1 at 2016-10-11 14:56:12 -0700


Started GET "/" for ::1 at 2016-10-11 14:58:16 -0700
Processing by MainController#index as HTML
  Rendered main/index.html.erb within layouts/application (4.4ms)
Completed 200 OK in 537ms (Views: 381.1ms | ActiveRecord: 0.0ms)


Started GET "/" for ::1 at 2016-10-11 14:59:58 -0700
Processing by MainController#index as HTML
  Rendered main/index.html.erb within layouts/application (5.0ms)
Completed 200 OK in 470ms (Views: 335.5ms | ActiveRecord: 0.0ms)


Started GET "/assets/application.self-5304d7183153f8ee0e681e752242f3ac2170a80b85b0b4546a1c370849da2cad.css?body=1" for ::1 at 2016-10-11 14:59:59 -0700


Started GET "/assets/materialize/initial.self-79f269ead2aeaa809299033919f9128fa0d9700d0248cad0dcd6442ce43dc389.js?body=1" for ::1 at 2016-10-11 14:59:59 -0700


Started GET "/assets/jquery.self-bd7ddd393353a8d2480a622e80342adf488fb6006d667e8b42e4c0073393abee.js?body=1" for ::1 at 2016-10-11 14:59:59 -0700


Started GET "/assets/main.self-877aef30ae1b040ab8a3aba4e3e309a11d7f2612f44dde450b5c157aa5f95c05.js?body=1" for ::1 at 2016-10-11 14:59:59 -0700


Started GET "/assets/jquery_ujs.self-784a997f6726036b1993eb2217c9cb558e1cbb801c6da88105588c56f13b466a.js?body=1" for ::1 at 2016-10-11 14:59:59 -0700


Started GET "/assets/materialize/jquery.easing.1.3.self-0170bc905fbddc075a56bdccce1be6a58f3713a14137b607ba9bd9f96fd7835f.js?body=1" for ::1 at 2016-10-11 14:59:59 -0700


Started GET "/assets/materialize/velocity.min.self-5adbb81af5c205a959e06198156b4b31fcd57f02c592e3fb096d7b74e8f401a6.js?body=1" for ::1 at 2016-10-11 14:59:59 -0700


Started GET "/assets/materialize/global.self-90649deff3358499c5859330da1363eea3e2bef75c80df5940f3894778f95027.js?body=1" for ::1 at 2016-10-11 14:59:59 -0700


Started GET "/assets/materialize/dropdown.self-9cc5a781f54a4e273cde4a9d213ac101bf5875aaf02ee6e4abf1e43be84e747d.js?body=1" for ::1 at 2016-10-11 14:59:59 -0700


Started GET "/assets/materialize/collapsible.self-4c13fea644257c8f9384721f7d3bc27bced51754ddf3602b56093e2450a5d9c2.js?body=1" for ::1 at 2016-10-11 14:59:59 -0700


Started GET "/assets/materialize/jquery.hammer.self-73fd69102f356b9abfc9ee242b19895f62454f42cfcfa1f066be71d2c8f41c7a.js?body=1" for ::1 at 2016-10-11 14:59:59 -0700


Started GET "/assets/materialize/leanModal.self-075befa387f6509a7504fc07beafcc796c44969652edcb2d71eedffd8e2ace01.js?body=1" for ::1 at 2016-10-11 14:59:59 -0700


Started GET "/assets/materialize/animation.self-a1028b0bcf2e26331bedf7b90e81103f0707e69fdec488aa951de94b51987767.js?body=1" for ::1 at 2016-10-11 14:59:59 -0700


Started GET "/assets/materialize/hammer.min.self-bf8bdb0953b1a135f96716e362e1f7a8e64168c914fa77ca31973bb70e57a731.js?body=1" for ::1 at 2016-10-11 14:59:59 -0700


Started GET "/assets/materialize/materialbox.self-8572736f9d17261189da8a9fc91555d63b29498f4f8665328e28261c7c4cdb68.js?body=1" for ::1 at 2016-10-11 14:59:59 -0700


Started GET "/assets/materialize/parallax.self-7ac34f0f3dcef83deee116ea473a2770cec13e07c8e0dcce08cc2372bbe295d3.js?body=1" for ::1 at 2016-10-11 14:59:59 -0700


Started GET "/assets/materialize/tabs.self-7f70bb766a49a1ad704b8f5988610277c8ec224c4d122cbea69e9309e6796d48.js?body=1" for ::1 at 2016-10-11 14:59:59 -0700


Started GET "/assets/materialize/tooltip.self-7de1b1d9042095a500be33ae68b9c7541dee8adf8ffa47bff413b87ab330fe63.js?body=1" for ::1 at 2016-10-11 14:59:59 -0700


Started GET "/assets/materialize/waves.self-26e9b9cfaa9ccbc292ed510f654bd279d69695f5337a14c9800b36e92f96735b.js?body=1" for ::1 at 2016-10-11 14:59:59 -0700


Started GET "/assets/materialize/toasts.self-1eaa9f33c4c3b83f381997876ba6ac53899a5ca72a6b401708c32625fc553adc.js?body=1" for ::1 at 2016-10-11 14:59:59 -0700


Started GET "/assets/materialize/sideNav.self-de5e615b7a32eb9e55ffc9573e4186ef01339badef5ecb1f3f6d591686f49ac8.js?body=1" for ::1 at 2016-10-11 14:59:59 -0700


Started GET "/assets/materialize/scrollspy.self-5da2f9f196dc8f650ace037d487312180c62dc268dd19f45728c116284134207.js?body=1" for ::1 at 2016-10-11 14:59:59 -0700


Started GET "/assets/materialize/forms.self-d9743bd4515fb298375d55740daf85a261d1aa2e15a741cd1f609a38d833fc71.js?body=1" for ::1 at 2016-10-11 14:59:59 -0700


Started GET "/assets/materialize/slider.self-b650f99d1b28549db2e7d5b078540fa65aabbb2548e0a378a85cc6b4285fe438.js?body=1" for ::1 at 2016-10-11 14:59:59 -0700


Started GET "/assets/materialize/cards.self-896c5463a922395c54787a06d69191fbbbbb8bff604b577f505b2da80d9e5e1a.js?body=1" for ::1 at 2016-10-11 14:59:59 -0700


Started GET "/assets/materialize/chips.self-f132c07f55be9466a02329f8686ccaa06c011000aa9c975279debc158feed7a8.js?body=1" for ::1 at 2016-10-11 14:59:59 -0700


Started GET "/assets/materialize/buttons.self-fc0951c300b1984a00694eabc8c451531be448d646ac073b05e4d2fbf7209302.js?body=1" for ::1 at 2016-10-11 14:59:59 -0700


Started GET "/assets/materialize/pushpin.self-b6217071e4b33cf2ce5742d81537d6f36b046c5f8fd115a01e4239cff1acd598.js?body=1" for ::1 at 2016-10-11 14:59:59 -0700


Started GET "/assets/materialize/transitions.self-fd67a28daa2e92c441a55cdda3d20b34a7e5c5fbb9c6d62ca2aeba52b3ed93a3.js?body=1" for ::1 at 2016-10-11 14:59:59 -0700


Started GET "/assets/materialize/scrollFire.self-51d8aca762cd14871dbf39aad2bc0213e799f1aa314e75c267fdfd92cfd87e0e.js?body=1" for ::1 at 2016-10-11 14:59:59 -0700


Started GET "/assets/materialize/date_picker/picker.self-7a9d1216fe1172f8e8fd78fb86cfd4da25c909ebd6983cba5da20817d437d92b.js?body=1" for ::1 at 2016-10-11 14:59:59 -0700


Started GET "/assets/materialize/date_picker/picker.date.self-5924b278beda2df8570f137f72b37e2d0f516acbc11a0994d1abb74380f078ef.js?body=1" for ::1 at 2016-10-11 14:59:59 -0700


Started GET "/assets/materialize/character_counter.self-8bb854e15067a96db5bff6896d1d9435e4df83cf5bf6877a1d606940661d2588.js?body=1" for ::1 at 2016-10-11 14:59:59 -0700


Started GET "/assets/materialize/carousel.self-5f77aa051ee2f35168c30e604c294173a3d9c9f19ac5b6dc0a3c9cf0ea39c697.js?body=1" for ::1 at 2016-10-11 14:59:59 -0700


Started GET "/assets/materialize-sprockets.self-1374c0ecff9f5520ea4a144c5754ae434cfea5ca52ec9af6e9916f20bd9275ed.js?body=1" for ::1 at 2016-10-11 14:59:59 -0700


Started GET "/assets/application.self-08e22355a8c9c7bb2b61907f48ac8ed25a2ce48201819e73cf15893b4373906e.js?body=1" for ::1 at 2016-10-11 14:59:59 -0700


Started GET "/assets/roboto/Roboto-Regular-b5c9c23bd12593523a46d79dd0aee80e3226bbde4c9ac05fc30a95e2c1510de0.woff2" for ::1 at 2016-10-11 14:59:59 -0700


Started GET "/" for ::1 at 2016-10-11 15:12:41 -0700
Processing by MainController#index as HTML
  Rendered main/index.html.erb within layouts/application (5.1ms)
Completed 200 OK in 547ms (Views: 407.6ms | ActiveRecord: 0.0ms)


Started GET "/assets/jquery.self-bd7ddd393353a8d2480a622e80342adf488fb6006d667e8b42e4c0073393abee.js?body=1" for ::1 at 2016-10-11 15:12:41 -0700


Started GET "/assets/application.self-5304d7183153f8ee0e681e752242f3ac2170a80b85b0b4546a1c370849da2cad.css?body=1" for ::1 at 2016-10-11 15:12:41 -0700


Started GET "/assets/materialize/jquery.easing.1.3.self-0170bc905fbddc075a56bdccce1be6a58f3713a14137b607ba9bd9f96fd7835f.js?body=1" for ::1 at 2016-10-11 15:12:41 -0700


Started GET "/assets/materialize/initial.self-79f269ead2aeaa809299033919f9128fa0d9700d0248cad0dcd6442ce43dc389.js?body=1" for ::1 at 2016-10-11 15:12:41 -0700


Started GET "/assets/jquery_ujs.self-784a997f6726036b1993eb2217c9cb558e1cbb801c6da88105588c56f13b466a.js?body=1" for ::1 at 2016-10-11 15:12:41 -0700


Started GET "/assets/materialize/animation.self-a1028b0bcf2e26331bedf7b90e81103f0707e69fdec488aa951de94b51987767.js?body=1" for ::1 at 2016-10-11 15:12:41 -0700


Started GET "/assets/main.self-877aef30ae1b040ab8a3aba4e3e309a11d7f2612f44dde450b5c157aa5f95c05.js?body=1" for ::1 at 2016-10-11 15:12:41 -0700


Started GET "/assets/materialize/jquery.hammer.self-73fd69102f356b9abfc9ee242b19895f62454f42cfcfa1f066be71d2c8f41c7a.js?body=1" for ::1 at 2016-10-11 15:12:42 -0700


Started GET "/assets/materialize/global.self-90649deff3358499c5859330da1363eea3e2bef75c80df5940f3894778f95027.js?body=1" for ::1 at 2016-10-11 15:12:42 -0700


Started GET "/assets/materialize/hammer.min.self-bf8bdb0953b1a135f96716e362e1f7a8e64168c914fa77ca31973bb70e57a731.js?body=1" for ::1 at 2016-10-11 15:12:42 -0700


Started GET "/assets/materialize/velocity.min.self-5adbb81af5c205a959e06198156b4b31fcd57f02c592e3fb096d7b74e8f401a6.js?body=1" for ::1 at 2016-10-11 15:12:42 -0700


Started GET "/assets/materialize/dropdown.self-9cc5a781f54a4e273cde4a9d213ac101bf5875aaf02ee6e4abf1e43be84e747d.js?body=1" for ::1 at 2016-10-11 15:12:42 -0700


Started GET "/assets/materialize/collapsible.self-4c13fea644257c8f9384721f7d3bc27bced51754ddf3602b56093e2450a5d9c2.js?body=1" for ::1 at 2016-10-11 15:12:42 -0700


Started GET "/assets/materialize/leanModal.self-075befa387f6509a7504fc07beafcc796c44969652edcb2d71eedffd8e2ace01.js?body=1" for ::1 at 2016-10-11 15:12:42 -0700


Started GET "/assets/materialize/tabs.self-7f70bb766a49a1ad704b8f5988610277c8ec224c4d122cbea69e9309e6796d48.js?body=1" for ::1 at 2016-10-11 15:12:42 -0700


Started GET "/assets/materialize/parallax.self-7ac34f0f3dcef83deee116ea473a2770cec13e07c8e0dcce08cc2372bbe295d3.js?body=1" for ::1 at 2016-10-11 15:12:42 -0700


Started GET "/assets/materialize/materialbox.self-8572736f9d17261189da8a9fc91555d63b29498f4f8665328e28261c7c4cdb68.js?body=1" for ::1 at 2016-10-11 15:12:42 -0700


Started GET "/assets/materialize/tooltip.self-7de1b1d9042095a500be33ae68b9c7541dee8adf8ffa47bff413b87ab330fe63.js?body=1" for ::1 at 2016-10-11 15:12:42 -0700


Started GET "/assets/materialize/waves.self-26e9b9cfaa9ccbc292ed510f654bd279d69695f5337a14c9800b36e92f96735b.js?body=1" for ::1 at 2016-10-11 15:12:42 -0700


Started GET "/assets/materialize/toasts.self-1eaa9f33c4c3b83f381997876ba6ac53899a5ca72a6b401708c32625fc553adc.js?body=1" for ::1 at 2016-10-11 15:12:42 -0700


Started GET "/assets/materialize/sideNav.self-de5e615b7a32eb9e55ffc9573e4186ef01339badef5ecb1f3f6d591686f49ac8.js?body=1" for ::1 at 2016-10-11 15:12:42 -0700


Started GET "/assets/materialize/scrollspy.self-5da2f9f196dc8f650ace037d487312180c62dc268dd19f45728c116284134207.js?body=1" for ::1 at 2016-10-11 15:12:42 -0700


Started GET "/assets/materialize/forms.self-d9743bd4515fb298375d55740daf85a261d1aa2e15a741cd1f609a38d833fc71.js?body=1" for ::1 at 2016-10-11 15:12:42 -0700


Started GET "/assets/materialize/slider.self-b650f99d1b28549db2e7d5b078540fa65aabbb2548e0a378a85cc6b4285fe438.js?body=1" for ::1 at 2016-10-11 15:12:42 -0700


Started GET "/assets/materialize/cards.self-896c5463a922395c54787a06d69191fbbbbb8bff604b577f505b2da80d9e5e1a.js?body=1" for ::1 at 2016-10-11 15:12:42 -0700


Started GET "/assets/materialize/pushpin.self-b6217071e4b33cf2ce5742d81537d6f36b046c5f8fd115a01e4239cff1acd598.js?body=1" for ::1 at 2016-10-11 15:12:42 -0700


Started GET "/assets/materialize/chips.self-f132c07f55be9466a02329f8686ccaa06c011000aa9c975279debc158feed7a8.js?body=1" for ::1 at 2016-10-11 15:12:42 -0700


Started GET "/assets/materialize/buttons.self-fc0951c300b1984a00694eabc8c451531be448d646ac073b05e4d2fbf7209302.js?body=1" for ::1 at 2016-10-11 15:12:42 -0700


Started GET "/assets/materialize/transitions.self-fd67a28daa2e92c441a55cdda3d20b34a7e5c5fbb9c6d62ca2aeba52b3ed93a3.js?body=1" for ::1 at 2016-10-11 15:12:42 -0700


Started GET "/assets/materialize/scrollFire.self-51d8aca762cd14871dbf39aad2bc0213e799f1aa314e75c267fdfd92cfd87e0e.js?body=1" for ::1 at 2016-10-11 15:12:42 -0700


Started GET "/assets/materialize/date_picker/picker.self-7a9d1216fe1172f8e8fd78fb86cfd4da25c909ebd6983cba5da20817d437d92b.js?body=1" for ::1 at 2016-10-11 15:12:42 -0700


Started GET "/assets/materialize/date_picker/picker.date.self-5924b278beda2df8570f137f72b37e2d0f516acbc11a0994d1abb74380f078ef.js?body=1" for ::1 at 2016-10-11 15:12:42 -0700


Started GET "/assets/materialize/character_counter.self-8bb854e15067a96db5bff6896d1d9435e4df83cf5bf6877a1d606940661d2588.js?body=1" for ::1 at 2016-10-11 15:12:42 -0700


Started GET "/assets/materialize/carousel.self-5f77aa051ee2f35168c30e604c294173a3d9c9f19ac5b6dc0a3c9cf0ea39c697.js?body=1" for ::1 at 2016-10-11 15:12:42 -0700


Started GET "/assets/materialize-sprockets.self-1374c0ecff9f5520ea4a144c5754ae434cfea5ca52ec9af6e9916f20bd9275ed.js?body=1" for ::1 at 2016-10-11 15:12:42 -0700


Started GET "/assets/application.self-08e22355a8c9c7bb2b61907f48ac8ed25a2ce48201819e73cf15893b4373906e.js?body=1" for ::1 at 2016-10-11 15:12:42 -0700


Started GET "/assets/roboto/Roboto-Regular-b5c9c23bd12593523a46d79dd0aee80e3226bbde4c9ac05fc30a95e2c1510de0.woff2" for ::1 at 2016-10-11 15:12:42 -0700


Started GET "/" for ::1 at 2016-10-11 15:14:10 -0700
Processing by MainController#index as HTML
  Rendered main/index.html.erb within layouts/application (3.3ms)
Completed 200 OK in 415ms (Views: 291.4ms | ActiveRecord: 0.0ms)


Started GET "/assets/application.self-5304d7183153f8ee0e681e752242f3ac2170a80b85b0b4546a1c370849da2cad.css?body=1" for ::1 at 2016-10-11 15:14:11 -0700


Started GET "/assets/jquery.self-bd7ddd393353a8d2480a622e80342adf488fb6006d667e8b42e4c0073393abee.js?body=1" for ::1 at 2016-10-11 15:14:11 -0700


Started GET "/assets/materialize/jquery.easing.1.3.self-0170bc905fbddc075a56bdccce1be6a58f3713a14137b607ba9bd9f96fd7835f.js?body=1" for ::1 at 2016-10-11 15:14:11 -0700


Started GET "/assets/main.self-877aef30ae1b040ab8a3aba4e3e309a11d7f2612f44dde450b5c157aa5f95c05.js?body=1" for ::1 at 2016-10-11 15:14:11 -0700


Started GET "/assets/materialize/initial.self-79f269ead2aeaa809299033919f9128fa0d9700d0248cad0dcd6442ce43dc389.js?body=1" for ::1 at 2016-10-11 15:14:11 -0700


Started GET "/assets/jquery_ujs.self-784a997f6726036b1993eb2217c9cb558e1cbb801c6da88105588c56f13b466a.js?body=1" for ::1 at 2016-10-11 15:14:11 -0700


Started GET "/assets/materialize/animation.self-a1028b0bcf2e26331bedf7b90e81103f0707e69fdec488aa951de94b51987767.js?body=1" for ::1 at 2016-10-11 15:14:11 -0700


Started GET "/assets/materialize/velocity.min.self-5adbb81af5c205a959e06198156b4b31fcd57f02c592e3fb096d7b74e8f401a6.js?body=1" for ::1 at 2016-10-11 15:14:11 -0700


Started GET "/assets/materialize/hammer.min.self-bf8bdb0953b1a135f96716e362e1f7a8e64168c914fa77ca31973bb70e57a731.js?body=1" for ::1 at 2016-10-11 15:14:11 -0700


Started GET "/assets/materialize/jquery.hammer.self-73fd69102f356b9abfc9ee242b19895f62454f42cfcfa1f066be71d2c8f41c7a.js?body=1" for ::1 at 2016-10-11 15:14:11 -0700


Started GET "/assets/materialize/global.self-90649deff3358499c5859330da1363eea3e2bef75c80df5940f3894778f95027.js?body=1" for ::1 at 2016-10-11 15:14:11 -0700


Started GET "/assets/materialize/collapsible.self-4c13fea644257c8f9384721f7d3bc27bced51754ddf3602b56093e2450a5d9c2.js?body=1" for ::1 at 2016-10-11 15:14:11 -0700


Started GET "/assets/materialize/dropdown.self-9cc5a781f54a4e273cde4a9d213ac101bf5875aaf02ee6e4abf1e43be84e747d.js?body=1" for ::1 at 2016-10-11 15:14:11 -0700


Started GET "/assets/materialize/parallax.self-7ac34f0f3dcef83deee116ea473a2770cec13e07c8e0dcce08cc2372bbe295d3.js?body=1" for ::1 at 2016-10-11 15:14:11 -0700


Started GET "/assets/materialize/tooltip.self-7de1b1d9042095a500be33ae68b9c7541dee8adf8ffa47bff413b87ab330fe63.js?body=1" for ::1 at 2016-10-11 15:14:11 -0700


Started GET "/assets/materialize/waves.self-26e9b9cfaa9ccbc292ed510f654bd279d69695f5337a14c9800b36e92f96735b.js?body=1" for ::1 at 2016-10-11 15:14:11 -0700


Started GET "/assets/materialize/materialbox.self-8572736f9d17261189da8a9fc91555d63b29498f4f8665328e28261c7c4cdb68.js?body=1" for ::1 at 2016-10-11 15:14:11 -0700


Started GET "/assets/materialize/tabs.self-7f70bb766a49a1ad704b8f5988610277c8ec224c4d122cbea69e9309e6796d48.js?body=1" for ::1 at 2016-10-11 15:14:11 -0700


Started GET "/assets/materialize/leanModal.self-075befa387f6509a7504fc07beafcc796c44969652edcb2d71eedffd8e2ace01.js?body=1" for ::1 at 2016-10-11 15:14:11 -0700


Started GET "/assets/materialize/sideNav.self-de5e615b7a32eb9e55ffc9573e4186ef01339badef5ecb1f3f6d591686f49ac8.js?body=1" for ::1 at 2016-10-11 15:14:11 -0700


Started GET "/assets/materialize/toasts.self-1eaa9f33c4c3b83f381997876ba6ac53899a5ca72a6b401708c32625fc553adc.js?body=1" for ::1 at 2016-10-11 15:14:11 -0700


Started GET "/assets/materialize/scrollspy.self-5da2f9f196dc8f650ace037d487312180c62dc268dd19f45728c116284134207.js?body=1" for ::1 at 2016-10-11 15:14:11 -0700


Started GET "/assets/materialize/forms.self-d9743bd4515fb298375d55740daf85a261d1aa2e15a741cd1f609a38d833fc71.js?body=1" for ::1 at 2016-10-11 15:14:12 -0700


Started GET "/assets/materialize/cards.self-896c5463a922395c54787a06d69191fbbbbb8bff604b577f505b2da80d9e5e1a.js?body=1" for ::1 at 2016-10-11 15:14:12 -0700


Started GET "/assets/materialize/slider.self-b650f99d1b28549db2e7d5b078540fa65aabbb2548e0a378a85cc6b4285fe438.js?body=1" for ::1 at 2016-10-11 15:14:12 -0700


Started GET "/assets/materialize/chips.self-f132c07f55be9466a02329f8686ccaa06c011000aa9c975279debc158feed7a8.js?body=1" for ::1 at 2016-10-11 15:14:12 -0700


Started GET "/assets/materialize/pushpin.self-b6217071e4b33cf2ce5742d81537d6f36b046c5f8fd115a01e4239cff1acd598.js?body=1" for ::1 at 2016-10-11 15:14:12 -0700


Started GET "/assets/materialize/buttons.self-fc0951c300b1984a00694eabc8c451531be448d646ac073b05e4d2fbf7209302.js?body=1" for ::1 at 2016-10-11 15:14:12 -0700


Started GET "/assets/materialize/transitions.self-fd67a28daa2e92c441a55cdda3d20b34a7e5c5fbb9c6d62ca2aeba52b3ed93a3.js?body=1" for ::1 at 2016-10-11 15:14:12 -0700


Started GET "/assets/materialize/scrollFire.self-51d8aca762cd14871dbf39aad2bc0213e799f1aa314e75c267fdfd92cfd87e0e.js?body=1" for ::1 at 2016-10-11 15:14:12 -0700


Started GET "/assets/materialize/date_picker/picker.self-7a9d1216fe1172f8e8fd78fb86cfd4da25c909ebd6983cba5da20817d437d92b.js?body=1" for ::1 at 2016-10-11 15:14:12 -0700


Started GET "/assets/materialize/date_picker/picker.date.self-5924b278beda2df8570f137f72b37e2d0f516acbc11a0994d1abb74380f078ef.js?body=1" for ::1 at 2016-10-11 15:14:12 -0700


Started GET "/assets/materialize/character_counter.self-8bb854e15067a96db5bff6896d1d9435e4df83cf5bf6877a1d606940661d2588.js?body=1" for ::1 at 2016-10-11 15:14:12 -0700


Started GET "/assets/materialize/carousel.self-5f77aa051ee2f35168c30e604c294173a3d9c9f19ac5b6dc0a3c9cf0ea39c697.js?body=1" for ::1 at 2016-10-11 15:14:12 -0700


Started GET "/assets/materialize-sprockets.self-1374c0ecff9f5520ea4a144c5754ae434cfea5ca52ec9af6e9916f20bd9275ed.js?body=1" for ::1 at 2016-10-11 15:14:12 -0700


Started GET "/assets/application.self-08e22355a8c9c7bb2b61907f48ac8ed25a2ce48201819e73cf15893b4373906e.js?body=1" for ::1 at 2016-10-11 15:14:12 -0700


Started GET "/assets/roboto/Roboto-Regular-b5c9c23bd12593523a46d79dd0aee80e3226bbde4c9ac05fc30a95e2c1510de0.woff2" for ::1 at 2016-10-11 15:14:12 -0700


Started GET "/" for ::1 at 2016-10-11 15:14:31 -0700
Processing by MainController#index as HTML
  Rendered main/index.html.erb within layouts/application (0.9ms)
Completed 200 OK in 335ms (Views: 237.1ms | ActiveRecord: 0.0ms)


Started GET "/assets/jquery.self-bd7ddd393353a8d2480a622e80342adf488fb6006d667e8b42e4c0073393abee.js?body=1" for ::1 at 2016-10-11 15:14:31 -0700


Started GET "/assets/jquery_ujs.self-784a997f6726036b1993eb2217c9cb558e1cbb801c6da88105588c56f13b466a.js?body=1" for ::1 at 2016-10-11 15:14:31 -0700


Started GET "/assets/main.self-877aef30ae1b040ab8a3aba4e3e309a11d7f2612f44dde450b5c157aa5f95c05.js?body=1" for ::1 at 2016-10-11 15:14:31 -0700


Started GET "/assets/application.self-5304d7183153f8ee0e681e752242f3ac2170a80b85b0b4546a1c370849da2cad.css?body=1" for ::1 at 2016-10-11 15:14:31 -0700


Started GET "/assets/materialize/initial.self-79f269ead2aeaa809299033919f9128fa0d9700d0248cad0dcd6442ce43dc389.js?body=1" for ::1 at 2016-10-11 15:14:31 -0700


Started GET "/assets/materialize/animation.self-a1028b0bcf2e26331bedf7b90e81103f0707e69fdec488aa951de94b51987767.js?body=1" for ::1 at 2016-10-11 15:14:31 -0700


Started GET "/assets/materialize/velocity.min.self-5adbb81af5c205a959e06198156b4b31fcd57f02c592e3fb096d7b74e8f401a6.js?body=1" for ::1 at 2016-10-11 15:14:31 -0700


Started GET "/assets/materialize/hammer.min.self-bf8bdb0953b1a135f96716e362e1f7a8e64168c914fa77ca31973bb70e57a731.js?body=1" for ::1 at 2016-10-11 15:14:31 -0700


Started GET "/assets/materialize/jquery.easing.1.3.self-0170bc905fbddc075a56bdccce1be6a58f3713a14137b607ba9bd9f96fd7835f.js?body=1" for ::1 at 2016-10-11 15:14:31 -0700


Started GET "/assets/materialize/jquery.hammer.self-73fd69102f356b9abfc9ee242b19895f62454f42cfcfa1f066be71d2c8f41c7a.js?body=1" for ::1 at 2016-10-11 15:14:31 -0700


Started GET "/assets/materialize/global.self-90649deff3358499c5859330da1363eea3e2bef75c80df5940f3894778f95027.js?body=1" for ::1 at 2016-10-11 15:14:31 -0700


Started GET "/assets/materialize/collapsible.self-4c13fea644257c8f9384721f7d3bc27bced51754ddf3602b56093e2450a5d9c2.js?body=1" for ::1 at 2016-10-11 15:14:31 -0700


Started GET "/assets/materialize/dropdown.self-9cc5a781f54a4e273cde4a9d213ac101bf5875aaf02ee6e4abf1e43be84e747d.js?body=1" for ::1 at 2016-10-11 15:14:31 -0700


Started GET "/assets/materialize/parallax.self-7ac34f0f3dcef83deee116ea473a2770cec13e07c8e0dcce08cc2372bbe295d3.js?body=1" for ::1 at 2016-10-11 15:14:31 -0700


Started GET "/assets/materialize/materialbox.self-8572736f9d17261189da8a9fc91555d63b29498f4f8665328e28261c7c4cdb68.js?body=1" for ::1 at 2016-10-11 15:14:31 -0700


Started GET "/assets/materialize/leanModal.self-075befa387f6509a7504fc07beafcc796c44969652edcb2d71eedffd8e2ace01.js?body=1" for ::1 at 2016-10-11 15:14:32 -0700


Started GET "/assets/materialize/waves.self-26e9b9cfaa9ccbc292ed510f654bd279d69695f5337a14c9800b36e92f96735b.js?body=1" for ::1 at 2016-10-11 15:14:32 -0700


Started GET "/assets/materialize/tooltip.self-7de1b1d9042095a500be33ae68b9c7541dee8adf8ffa47bff413b87ab330fe63.js?body=1" for ::1 at 2016-10-11 15:14:32 -0700


Started GET "/assets/materialize/tabs.self-7f70bb766a49a1ad704b8f5988610277c8ec224c4d122cbea69e9309e6796d48.js?body=1" for ::1 at 2016-10-11 15:14:32 -0700


Started GET "/assets/materialize/toasts.self-1eaa9f33c4c3b83f381997876ba6ac53899a5ca72a6b401708c32625fc553adc.js?body=1" for ::1 at 2016-10-11 15:14:32 -0700


Started GET "/assets/materialize/forms.self-d9743bd4515fb298375d55740daf85a261d1aa2e15a741cd1f609a38d833fc71.js?body=1" for ::1 at 2016-10-11 15:14:32 -0700


Started GET "/assets/materialize/scrollspy.self-5da2f9f196dc8f650ace037d487312180c62dc268dd19f45728c116284134207.js?body=1" for ::1 at 2016-10-11 15:14:32 -0700


Started GET "/assets/materialize/cards.self-896c5463a922395c54787a06d69191fbbbbb8bff604b577f505b2da80d9e5e1a.js?body=1" for ::1 at 2016-10-11 15:14:32 -0700


Started GET "/assets/materialize/slider.self-b650f99d1b28549db2e7d5b078540fa65aabbb2548e0a378a85cc6b4285fe438.js?body=1" for ::1 at 2016-10-11 15:14:32 -0700


Started GET "/assets/materialize/sideNav.self-de5e615b7a32eb9e55ffc9573e4186ef01339badef5ecb1f3f6d591686f49ac8.js?body=1" for ::1 at 2016-10-11 15:14:32 -0700


Started GET "/assets/materialize/chips.self-f132c07f55be9466a02329f8686ccaa06c011000aa9c975279debc158feed7a8.js?body=1" for ::1 at 2016-10-11 15:14:32 -0700


Started GET "/assets/materialize/buttons.self-fc0951c300b1984a00694eabc8c451531be448d646ac073b05e4d2fbf7209302.js?body=1" for ::1 at 2016-10-11 15:14:32 -0700


Started GET "/assets/materialize/transitions.self-fd67a28daa2e92c441a55cdda3d20b34a7e5c5fbb9c6d62ca2aeba52b3ed93a3.js?body=1" for ::1 at 2016-10-11 15:14:32 -0700


Started GET "/assets/materialize/pushpin.self-b6217071e4b33cf2ce5742d81537d6f36b046c5f8fd115a01e4239cff1acd598.js?body=1" for ::1 at 2016-10-11 15:14:32 -0700


Started GET "/assets/materialize/date_picker/picker.self-7a9d1216fe1172f8e8fd78fb86cfd4da25c909ebd6983cba5da20817d437d92b.js?body=1" for ::1 at 2016-10-11 15:14:32 -0700


Started GET "/assets/materialize/date_picker/picker.date.self-5924b278beda2df8570f137f72b37e2d0f516acbc11a0994d1abb74380f078ef.js?body=1" for ::1 at 2016-10-11 15:14:32 -0700


Started GET "/assets/materialize/character_counter.self-8bb854e15067a96db5bff6896d1d9435e4df83cf5bf6877a1d606940661d2588.js?body=1" for ::1 at 2016-10-11 15:14:32 -0700


Started GET "/assets/materialize/scrollFire.self-51d8aca762cd14871dbf39aad2bc0213e799f1aa314e75c267fdfd92cfd87e0e.js?body=1" for ::1 at 2016-10-11 15:14:32 -0700


Started GET "/assets/materialize/carousel.self-5f77aa051ee2f35168c30e604c294173a3d9c9f19ac5b6dc0a3c9cf0ea39c697.js?body=1" for ::1 at 2016-10-11 15:14:32 -0700


Started GET "/assets/application.self-08e22355a8c9c7bb2b61907f48ac8ed25a2ce48201819e73cf15893b4373906e.js?body=1" for ::1 at 2016-10-11 15:14:32 -0700


Started GET "/assets/materialize-sprockets.self-1374c0ecff9f5520ea4a144c5754ae434cfea5ca52ec9af6e9916f20bd9275ed.js?body=1" for ::1 at 2016-10-11 15:14:32 -0700


Started GET "/assets/roboto/Roboto-Regular-b5c9c23bd12593523a46d79dd0aee80e3226bbde4c9ac05fc30a95e2c1510de0.woff2" for ::1 at 2016-10-11 15:14:32 -0700


Started GET "/" for ::1 at 2016-10-11 15:14:48 -0700
Processing by MainController#index as HTML
  Rendered main/index.html.erb within layouts/application (3.5ms)
Completed 200 OK in 633ms (Views: 515.8ms | ActiveRecord: 0.0ms)


Started GET "/assets/jquery.self-bd7ddd393353a8d2480a622e80342adf488fb6006d667e8b42e4c0073393abee.js?body=1" for ::1 at 2016-10-11 15:14:48 -0700


Started GET "/assets/jquery_ujs.self-784a997f6726036b1993eb2217c9cb558e1cbb801c6da88105588c56f13b466a.js?body=1" for ::1 at 2016-10-11 15:14:48 -0700


Started GET "/assets/materialize/initial.self-79f269ead2aeaa809299033919f9128fa0d9700d0248cad0dcd6442ce43dc389.js?body=1" for ::1 at 2016-10-11 15:14:48 -0700


Started GET "/assets/materialize/jquery.easing.1.3.self-0170bc905fbddc075a56bdccce1be6a58f3713a14137b607ba9bd9f96fd7835f.js?body=1" for ::1 at 2016-10-11 15:14:48 -0700


Started GET "/assets/application.self-5304d7183153f8ee0e681e752242f3ac2170a80b85b0b4546a1c370849da2cad.css?body=1" for ::1 at 2016-10-11 15:14:48 -0700


Started GET "/assets/main.self-877aef30ae1b040ab8a3aba4e3e309a11d7f2612f44dde450b5c157aa5f95c05.js?body=1" for ::1 at 2016-10-11 15:14:48 -0700


Started GET "/assets/materialize/animation.self-a1028b0bcf2e26331bedf7b90e81103f0707e69fdec488aa951de94b51987767.js?body=1" for ::1 at 2016-10-11 15:14:49 -0700


Started GET "/assets/materialize/velocity.min.self-5adbb81af5c205a959e06198156b4b31fcd57f02c592e3fb096d7b74e8f401a6.js?body=1" for ::1 at 2016-10-11 15:14:49 -0700


Started GET "/assets/materialize/collapsible.self-4c13fea644257c8f9384721f7d3bc27bced51754ddf3602b56093e2450a5d9c2.js?body=1" for ::1 at 2016-10-11 15:14:49 -0700


Started GET "/assets/materialize/hammer.min.self-bf8bdb0953b1a135f96716e362e1f7a8e64168c914fa77ca31973bb70e57a731.js?body=1" for ::1 at 2016-10-11 15:14:49 -0700


Started GET "/assets/materialize/global.self-90649deff3358499c5859330da1363eea3e2bef75c80df5940f3894778f95027.js?body=1" for ::1 at 2016-10-11 15:14:49 -0700


Started GET "/assets/materialize/jquery.hammer.self-73fd69102f356b9abfc9ee242b19895f62454f42cfcfa1f066be71d2c8f41c7a.js?body=1" for ::1 at 2016-10-11 15:14:49 -0700


Started GET "/assets/materialize/dropdown.self-9cc5a781f54a4e273cde4a9d213ac101bf5875aaf02ee6e4abf1e43be84e747d.js?body=1" for ::1 at 2016-10-11 15:14:49 -0700


Started GET "/assets/materialize/leanModal.self-075befa387f6509a7504fc07beafcc796c44969652edcb2d71eedffd8e2ace01.js?body=1" for ::1 at 2016-10-11 15:14:49 -0700


Started GET "/assets/materialize/materialbox.self-8572736f9d17261189da8a9fc91555d63b29498f4f8665328e28261c7c4cdb68.js?body=1" for ::1 at 2016-10-11 15:14:49 -0700


Started GET "/assets/materialize/parallax.self-7ac34f0f3dcef83deee116ea473a2770cec13e07c8e0dcce08cc2372bbe295d3.js?body=1" for ::1 at 2016-10-11 15:14:49 -0700


Started GET "/assets/materialize/toasts.self-1eaa9f33c4c3b83f381997876ba6ac53899a5ca72a6b401708c32625fc553adc.js?body=1" for ::1 at 2016-10-11 15:14:49 -0700


Started GET "/assets/materialize/waves.self-26e9b9cfaa9ccbc292ed510f654bd279d69695f5337a14c9800b36e92f96735b.js?body=1" for ::1 at 2016-10-11 15:14:49 -0700


Started GET "/assets/materialize/tabs.self-7f70bb766a49a1ad704b8f5988610277c8ec224c4d122cbea69e9309e6796d48.js?body=1" for ::1 at 2016-10-11 15:14:49 -0700


Started GET "/assets/materialize/tooltip.self-7de1b1d9042095a500be33ae68b9c7541dee8adf8ffa47bff413b87ab330fe63.js?body=1" for ::1 at 2016-10-11 15:14:49 -0700


Started GET "/assets/materialize/sideNav.self-de5e615b7a32eb9e55ffc9573e4186ef01339badef5ecb1f3f6d591686f49ac8.js?body=1" for ::1 at 2016-10-11 15:14:49 -0700


Started GET "/assets/materialize/scrollspy.self-5da2f9f196dc8f650ace037d487312180c62dc268dd19f45728c116284134207.js?body=1" for ::1 at 2016-10-11 15:14:49 -0700


Started GET "/assets/materialize/forms.self-d9743bd4515fb298375d55740daf85a261d1aa2e15a741cd1f609a38d833fc71.js?body=1" for ::1 at 2016-10-11 15:14:49 -0700


Started GET "/assets/materialize/slider.self-b650f99d1b28549db2e7d5b078540fa65aabbb2548e0a378a85cc6b4285fe438.js?body=1" for ::1 at 2016-10-11 15:14:49 -0700


Started GET "/assets/materialize/cards.self-896c5463a922395c54787a06d69191fbbbbb8bff604b577f505b2da80d9e5e1a.js?body=1" for ::1 at 2016-10-11 15:14:49 -0700


Started GET "/assets/materialize/chips.self-f132c07f55be9466a02329f8686ccaa06c011000aa9c975279debc158feed7a8.js?body=1" for ::1 at 2016-10-11 15:14:49 -0700


Started GET "/assets/materialize/pushpin.self-b6217071e4b33cf2ce5742d81537d6f36b046c5f8fd115a01e4239cff1acd598.js?body=1" for ::1 at 2016-10-11 15:14:49 -0700


Started GET "/assets/materialize/buttons.self-fc0951c300b1984a00694eabc8c451531be448d646ac073b05e4d2fbf7209302.js?body=1" for ::1 at 2016-10-11 15:14:49 -0700


Started GET "/assets/materialize/transitions.self-fd67a28daa2e92c441a55cdda3d20b34a7e5c5fbb9c6d62ca2aeba52b3ed93a3.js?body=1" for ::1 at 2016-10-11 15:14:49 -0700


Started GET "/assets/materialize/scrollFire.self-51d8aca762cd14871dbf39aad2bc0213e799f1aa314e75c267fdfd92cfd87e0e.js?body=1" for ::1 at 2016-10-11 15:14:49 -0700


Started GET "/assets/materialize/date_picker/picker.self-7a9d1216fe1172f8e8fd78fb86cfd4da25c909ebd6983cba5da20817d437d92b.js?body=1" for ::1 at 2016-10-11 15:14:49 -0700


Started GET "/assets/materialize/date_picker/picker.date.self-5924b278beda2df8570f137f72b37e2d0f516acbc11a0994d1abb74380f078ef.js?body=1" for ::1 at 2016-10-11 15:14:49 -0700


Started GET "/assets/materialize/character_counter.self-8bb854e15067a96db5bff6896d1d9435e4df83cf5bf6877a1d606940661d2588.js?body=1" for ::1 at 2016-10-11 15:14:49 -0700


Started GET "/assets/materialize/carousel.self-5f77aa051ee2f35168c30e604c294173a3d9c9f19ac5b6dc0a3c9cf0ea39c697.js?body=1" for ::1 at 2016-10-11 15:14:49 -0700


Started GET "/assets/materialize-sprockets.self-1374c0ecff9f5520ea4a144c5754ae434cfea5ca52ec9af6e9916f20bd9275ed.js?body=1" for ::1 at 2016-10-11 15:14:49 -0700


Started GET "/assets/application.self-08e22355a8c9c7bb2b61907f48ac8ed25a2ce48201819e73cf15893b4373906e.js?body=1" for ::1 at 2016-10-11 15:14:49 -0700


Started GET "/assets/roboto/Roboto-Regular-b5c9c23bd12593523a46d79dd0aee80e3226bbde4c9ac05fc30a95e2c1510de0.woff2" for ::1 at 2016-10-11 15:14:49 -0700


Started GET "/" for ::1 at 2016-10-11 15:15:19 -0700
Processing by MainController#index as HTML
  Rendered main/index.html.erb within layouts/application (1.2ms)
Completed 200 OK in 344ms (Views: 237.2ms | ActiveRecord: 0.0ms)


Started GET "/assets/application.self-5304d7183153f8ee0e681e752242f3ac2170a80b85b0b4546a1c370849da2cad.css?body=1" for ::1 at 2016-10-11 15:15:19 -0700


Started GET "/assets/jquery_ujs.self-784a997f6726036b1993eb2217c9cb558e1cbb801c6da88105588c56f13b466a.js?body=1" for ::1 at 2016-10-11 15:15:19 -0700


Started GET "/assets/jquery.self-bd7ddd393353a8d2480a622e80342adf488fb6006d667e8b42e4c0073393abee.js?body=1" for ::1 at 2016-10-11 15:15:19 -0700


Started GET "/assets/materialize/initial.self-79f269ead2aeaa809299033919f9128fa0d9700d0248cad0dcd6442ce43dc389.js?body=1" for ::1 at 2016-10-11 15:15:19 -0700


Started GET "/assets/main.self-877aef30ae1b040ab8a3aba4e3e309a11d7f2612f44dde450b5c157aa5f95c05.js?body=1" for ::1 at 2016-10-11 15:15:19 -0700


Started GET "/assets/materialize/jquery.easing.1.3.self-0170bc905fbddc075a56bdccce1be6a58f3713a14137b607ba9bd9f96fd7835f.js?body=1" for ::1 at 2016-10-11 15:15:19 -0700


Started GET "/assets/materialize/animation.self-a1028b0bcf2e26331bedf7b90e81103f0707e69fdec488aa951de94b51987767.js?body=1" for ::1 at 2016-10-11 15:15:19 -0700


Started GET "/assets/materialize/velocity.min.self-5adbb81af5c205a959e06198156b4b31fcd57f02c592e3fb096d7b74e8f401a6.js?body=1" for ::1 at 2016-10-11 15:15:19 -0700


Started GET "/assets/materialize/hammer.min.self-bf8bdb0953b1a135f96716e362e1f7a8e64168c914fa77ca31973bb70e57a731.js?body=1" for ::1 at 2016-10-11 15:15:19 -0700


Started GET "/assets/materialize/jquery.hammer.self-73fd69102f356b9abfc9ee242b19895f62454f42cfcfa1f066be71d2c8f41c7a.js?body=1" for ::1 at 2016-10-11 15:15:19 -0700


Started GET "/assets/materialize/global.self-90649deff3358499c5859330da1363eea3e2bef75c80df5940f3894778f95027.js?body=1" for ::1 at 2016-10-11 15:15:19 -0700


Started GET "/assets/materialize/collapsible.self-4c13fea644257c8f9384721f7d3bc27bced51754ddf3602b56093e2450a5d9c2.js?body=1" for ::1 at 2016-10-11 15:15:19 -0700


Started GET "/assets/materialize/materialbox.self-8572736f9d17261189da8a9fc91555d63b29498f4f8665328e28261c7c4cdb68.js?body=1" for ::1 at 2016-10-11 15:15:19 -0700


Started GET "/assets/materialize/dropdown.self-9cc5a781f54a4e273cde4a9d213ac101bf5875aaf02ee6e4abf1e43be84e747d.js?body=1" for ::1 at 2016-10-11 15:15:19 -0700


Started GET "/assets/materialize/leanModal.self-075befa387f6509a7504fc07beafcc796c44969652edcb2d71eedffd8e2ace01.js?body=1" for ::1 at 2016-10-11 15:15:19 -0700


Started GET "/assets/materialize/parallax.self-7ac34f0f3dcef83deee116ea473a2770cec13e07c8e0dcce08cc2372bbe295d3.js?body=1" for ::1 at 2016-10-11 15:15:19 -0700


Started GET "/assets/materialize/tabs.self-7f70bb766a49a1ad704b8f5988610277c8ec224c4d122cbea69e9309e6796d48.js?body=1" for ::1 at 2016-10-11 15:15:19 -0700


Started GET "/assets/materialize/toasts.self-1eaa9f33c4c3b83f381997876ba6ac53899a5ca72a6b401708c32625fc553adc.js?body=1" for ::1 at 2016-10-11 15:15:19 -0700


Started GET "/assets/materialize/waves.self-26e9b9cfaa9ccbc292ed510f654bd279d69695f5337a14c9800b36e92f96735b.js?body=1" for ::1 at 2016-10-11 15:15:19 -0700


Started GET "/assets/materialize/scrollspy.self-5da2f9f196dc8f650ace037d487312180c62dc268dd19f45728c116284134207.js?body=1" for ::1 at 2016-10-11 15:15:19 -0700


Started GET "/assets/materialize/tooltip.self-7de1b1d9042095a500be33ae68b9c7541dee8adf8ffa47bff413b87ab330fe63.js?body=1" for ::1 at 2016-10-11 15:15:19 -0700


Started GET "/assets/materialize/sideNav.self-de5e615b7a32eb9e55ffc9573e4186ef01339badef5ecb1f3f6d591686f49ac8.js?body=1" for ::1 at 2016-10-11 15:15:19 -0700


Started GET "/assets/materialize/cards.self-896c5463a922395c54787a06d69191fbbbbb8bff604b577f505b2da80d9e5e1a.js?body=1" for ::1 at 2016-10-11 15:15:19 -0700


Started GET "/assets/materialize/chips.self-f132c07f55be9466a02329f8686ccaa06c011000aa9c975279debc158feed7a8.js?body=1" for ::1 at 2016-10-11 15:15:19 -0700


Started GET "/assets/materialize/slider.self-b650f99d1b28549db2e7d5b078540fa65aabbb2548e0a378a85cc6b4285fe438.js?body=1" for ::1 at 2016-10-11 15:15:19 -0700


Started GET "/assets/materialize/forms.self-d9743bd4515fb298375d55740daf85a261d1aa2e15a741cd1f609a38d833fc71.js?body=1" for ::1 at 2016-10-11 15:15:19 -0700


Started GET "/assets/materialize/buttons.self-fc0951c300b1984a00694eabc8c451531be448d646ac073b05e4d2fbf7209302.js?body=1" for ::1 at 2016-10-11 15:15:19 -0700


Started GET "/assets/materialize/pushpin.self-b6217071e4b33cf2ce5742d81537d6f36b046c5f8fd115a01e4239cff1acd598.js?body=1" for ::1 at 2016-10-11 15:15:19 -0700


Started GET "/assets/materialize/transitions.self-fd67a28daa2e92c441a55cdda3d20b34a7e5c5fbb9c6d62ca2aeba52b3ed93a3.js?body=1" for ::1 at 2016-10-11 15:15:19 -0700


Started GET "/assets/materialize/character_counter.self-8bb854e15067a96db5bff6896d1d9435e4df83cf5bf6877a1d606940661d2588.js?body=1" for ::1 at 2016-10-11 15:15:19 -0700


Started GET "/assets/materialize-sprockets.self-1374c0ecff9f5520ea4a144c5754ae434cfea5ca52ec9af6e9916f20bd9275ed.js?body=1" for ::1 at 2016-10-11 15:15:19 -0700


Started GET "/assets/materialize/date_picker/picker.self-7a9d1216fe1172f8e8fd78fb86cfd4da25c909ebd6983cba5da20817d437d92b.js?body=1" for ::1 at 2016-10-11 15:15:20 -0700


Started GET "/assets/materialize/carousel.self-5f77aa051ee2f35168c30e604c294173a3d9c9f19ac5b6dc0a3c9cf0ea39c697.js?body=1" for ::1 at 2016-10-11 15:15:20 -0700


Started GET "/assets/materialize/date_picker/picker.date.self-5924b278beda2df8570f137f72b37e2d0f516acbc11a0994d1abb74380f078ef.js?body=1" for ::1 at 2016-10-11 15:15:20 -0700


Started GET "/assets/materialize/scrollFire.self-51d8aca762cd14871dbf39aad2bc0213e799f1aa314e75c267fdfd92cfd87e0e.js?body=1" for ::1 at 2016-10-11 15:15:20 -0700


Started GET "/assets/application.self-08e22355a8c9c7bb2b61907f48ac8ed25a2ce48201819e73cf15893b4373906e.js?body=1" for ::1 at 2016-10-11 15:15:20 -0700


Started GET "/assets/roboto/Roboto-Regular-b5c9c23bd12593523a46d79dd0aee80e3226bbde4c9ac05fc30a95e2c1510de0.woff2" for ::1 at 2016-10-11 15:15:20 -0700
